<?xml version="1.0" encoding="UTF-8"?>
<!-- Generated by org.testng.reporters.JUnitReportReporter -->
<testsuite hostname="ruchisharma01" failures="0" tests="3" name="testcases.LoginTest" time="57.417" errors="0" timestamp="2023-04-28T23:04:52 IST" skipped="0">
  <testcase classname="testcases.LoginTest" name="test2" time="17.765"/>
  <system-out/>
  <testcase classname="testcases.LoginTest" name="test4" time="21.407"/>
  <system-out/>
  <testcase classname="testcases.LoginTest" name="test1" time="18.245"/>
  <system-out/>
</testsuite> <!-- testcases.LoginTest -->
