<?xml version="1.0" encoding="UTF-8"?>
<!-- Generated by org.testng.reporters.JUnitReportReporter -->
<testsuite hostname="ruchisharma01" failures="0" tests="1" name="testcases.HomePageTest" time="9.282" errors="0" timestamp="2023-04-27T22:00:39 IST" skipped="0">
  <testcase classname="testcases.HomePageTest" name="Test3" time="9.282"/>
  <system-out/>
</testsuite> <!-- testcases.HomePageTest -->
